<?xml version="1.0" encoding="UTF-8"?>
<!-- Generated by org.testng.reporters.JUnitReportReporter -->
<testsuite hostname="LAPTOP-T2NCHBJT" failures="0" tests="1" name="testCases.TC_002_SignInPage" time="1.053" errors="0" timestamp="2023-09-26T12:48:45 EDT" skipped="0">
  <testcase classname="testCases.TC_002_SignInPage" name="test_signinpage" time="1.053"/>
</testsuite> <!-- testCases.TC_002_SignInPage -->
